TN:
SF:TrackedValue.ts
FN:1,OBJECT_VALUE_ERROR
FN:27,TrackedValue
FN:38,get pristine
FN:47,get dirty
FN:57,set value
FN:71,get value
FN:82,commit
FN:92,revert
FN:96,diff
FNF:9
FNH:8
FNDA:0,OBJECT_VALUE_ERROR
FNDA:48,TrackedValue
FNDA:48,get pristine
FNDA:33,get dirty
FNDA:33,set value
FNDA:18,get value
FNDA:9,commit
FNDA:9,revert
FNDA:18,diff
DA:1,0
DA:2,0
DA:3,0
DA:4,1
DA:5,1
DA:6,1
DA:7,1
DA:8,1
DA:9,1
DA:10,1
DA:11,1
DA:12,1
DA:13,1
DA:14,1
DA:15,1
DA:16,1
DA:17,1
DA:18,1
DA:19,1
DA:20,1
DA:21,1
DA:22,1
DA:23,1
DA:24,1
DA:25,1
DA:26,1
DA:27,1
DA:28,48
DA:29,48
DA:30,48
DA:31,1
DA:32,1
DA:33,1
DA:34,1
DA:35,1
DA:36,1
DA:37,1
DA:38,1
DA:39,48
DA:40,48
DA:41,1
DA:42,1
DA:43,1
DA:44,1
DA:45,1
DA:46,1
DA:47,1
DA:48,33
DA:49,33
DA:50,1
DA:51,1
DA:52,1
DA:53,1
DA:54,1
DA:55,1
DA:56,1
DA:57,1
DA:58,33
DA:59,0
DA:60,0
DA:61,33
DA:62,33
DA:63,33
DA:64,33
DA:65,1
DA:66,1
DA:67,1
DA:68,1
DA:69,1
DA:70,1
DA:71,1
DA:72,18
DA:73,18
DA:74,1
DA:75,1
DA:76,1
DA:77,1
DA:78,1
DA:79,1
DA:80,1
DA:81,1
DA:82,1
DA:83,9
DA:84,9
DA:85,1
DA:86,1
DA:87,1
DA:88,1
DA:89,1
DA:90,1
DA:91,1
DA:92,1
DA:93,9
DA:94,9
DA:95,1
DA:96,1
DA:97,18
DA:98,6
DA:99,6
DA:100,6
DA:101,6
DA:102,6
DA:103,6
DA:104,6
DA:105,12
DA:106,12
DA:107,12
DA:108,1
LF:108
LH:103
BRDA:27,0,0,48
BRDA:38,1,0,48
BRDA:47,2,0,33
BRDA:57,3,0,33
BRDA:58,4,0,0
BRDA:58,5,0,0
BRDA:71,6,0,18
BRDA:82,7,0,9
BRDA:92,8,0,9
BRDA:96,9,0,18
BRDA:97,10,0,6
BRDA:105,11,0,12
BRF:12
BRH:10
end_of_record
